This is pdfTeX, Version 3.14159265-2.6-1.40.21 (MiKTeX 20.11) (preloaded format=pdflatex 2020.12.11)  10 FEB 2021 22:55
entering extended mode
**c:/Users/locque/Documents/hvra-c/herzog-vr-august/doc/aufgabenbeschreibung-erik.tex
(c:/Users/locque/Documents/hvra-c/herzog-vr-august/doc/aufgabenbeschreibung-erik.tex
LaTeX2e <2020-10-01> patch level 2
L3 programming layer <2020-12-03> xparse <2020-03-03> (C:\Users\locque\AppData\Local\Programs\MiKTeX\tex/latex/koma-script\scrarticle.cls
Document Class: scrarticle 2020/09/21 v3.32 KOMA-Script document class (article)
(C:\Users\locque\AppData\Local\Programs\MiKTeX\tex/latex/koma-script\scrartcl.cls
Document Class: scrartcl 2020/09/21 v3.32 KOMA-Script document class (article)
(C:\Users\locque\AppData\Local\Programs\MiKTeX\tex/latex/koma-script\scrkbase.sty
Package: scrkbase 2020/09/21 v3.32 KOMA-Script package (KOMA-Script-dependent basics and keyval usage)
 (C:\Users\locque\AppData\Local\Programs\MiKTeX\tex/latex/koma-script\scrbase.sty
Package: scrbase 2020/09/21 v3.32 KOMA-Script package (KOMA-Script-independent basics and keyval usage)
 (C:\Users\locque\AppData\Local\Programs\MiKTeX\tex/latex/koma-script\scrlfile.sty
Package: scrlfile 2020/09/21 v3.32 KOMA-Script package (file load hooks)
 (C:\Users\locque\AppData\Local\Programs\MiKTeX\tex/latex/koma-script\scrlfile-hook.sty
Package: scrlfile-hook 2020/09/21 v3.32 KOMA-Script package (using LaTeX hooks)

LaTeX3 Info: Defining command \BeforeFile with sig. 'm' on line 61.


LaTeX3 Info: Defining command \AfterFile with sig. 'm' on line 65.


LaTeX3 Info: Defining command \BeforeClass with sig. 'm' on line 69.


LaTeX3 Info: Defining command \BeforePackage with sig. 'm' on line 73.


LaTeX3 Info: Defining command \AfterAtEndOfClass with sig. 'smo+m' on line 83.


LaTeX3 Info: Defining command \AfterAtEndOfPackage with sig. 'smo+m' on line
(LaTeX3)     93.


LaTeX3 Info: Defining command \scrlfile@AfterClass with sig. 'smo+m' on line
(LaTeX3)     173.


LaTeX3 Info: Defining command \AfterClass with sig. '' on line 174.


LaTeX3 Info: Defining command \scrlfile@AfterPackage with sig. 'smo+m' on line
(LaTeX3)     191.


LaTeX3 Info: Defining command \AfterPackage with sig. '' on line 192.


LaTeX3 Info: Defining command \ReplaceInput with sig. '' on line 193.


LaTeX3 Info: Defining command \ReplaceClass with sig. 'mm' on line 196.


LaTeX3 Info: Defining command \ReplacePackage with sig. 'mm' on line 199.


LaTeX3 Info: Defining command \UnReplaceInput with sig. '' on line 200.


LaTeX3 Info: Defining command \UnReplaceClass with sig. 'm' on line 203.


LaTeX3 Info: Defining command \UnReplacePackage with sig. 'mm' on line 206.


LaTeX3 Info: Defining command \PreventPackageFromLoading with sig. 's+om' on
(LaTeX3)     line 234.


LaTeX3 Info: Defining command \StorePreventPackageFromLoading with sig. 'm' on
(LaTeX3)     line 242.


LaTeX3 Info: Defining command \ResetPreventPackageFromLoading with sig. '' on
(LaTeX3)     line 247.


LaTeX3 Info: Defining command \UnPreventPackageFromLoading with sig. 'sm' on
(LaTeX3)     line 261.


LaTeX3 Info: Defining command \BeforeClosingMainAux with sig. 'om' on line
(LaTeX3)     274.


LaTeX3 Info: Defining command \AfterReadingMainAux with sig. 'om' on line 287.


LaTeX3 Info: Defining command \protected@immediate@write with sig. 'm+m+m' on
(LaTeX3)     line 298.

 (C:\Users\locque\AppData\Local\Programs\MiKTeX\tex/latex/koma-script\scrlogo.sty
Package: scrlogo 2020/09/21 v3.32 KOMA-Script package (logo)
))) (C:\Users\locque\AppData\Local\Programs\MiKTeX\tex/latex/graphics\keyval.sty
Package: keyval 2014/10/28 v1.15 key=value parser (DPC)
\KV@toks@=\toks15
))) (C:\Users\locque\AppData\Local\Programs\MiKTeX\tex/latex/koma-script\tocbasic.sty
Package: tocbasic 2020/09/21 v3.32 KOMA-Script package (handling toc-files)
\scr@dte@tocline@numberwidth=\skip47
\scr@dte@tocline@numbox=\box47
)
Package tocbasic Info: babel extension for `toc' omitted
(tocbasic)             because of missing \bbl@set@language on input line 135.
Class scrartcl Info: File `scrsize11pt.clo' used instead of
(scrartcl)           file `scrsize11.clo' to setup font sizes on input line 2222.
 (C:\Users\locque\AppData\Local\Programs\MiKTeX\tex/latex/koma-script\scrsize11pt.clo
File: scrsize11pt.clo 2020/09/21 v3.32 KOMA-Script font size class option (11pt)
) (C:\Users\locque\AppData\Local\Programs\MiKTeX\tex/latex/koma-script\typearea.sty
Package: typearea 2020/09/21 v3.32 KOMA-Script package (type area)
\ta@bcor=\skip48
\ta@div=\count177
Package typearea Info: You've used standard option `a4paper'.
(typearea)             This is correct!
(typearea)             Internally I'm using `paper=a4'.
(typearea)             If you'd like to set the option with \KOMAoptions,
(typearea)             you'd have to use `paper=a4' there
(typearea)             instead of `a4paper', too.
\ta@hblk=\skip49
\ta@vblk=\skip50
\ta@temp=\skip51
\footheight=\skip52
Package typearea Info: These are the values describing the layout:
(typearea)             DIV  = 10
(typearea)             BCOR = 0.0pt
(typearea)             \paperwidth      = 597.50793pt
(typearea)              \textwidth      = 418.25555pt
(typearea)              DIV departure   = -6%
(typearea)              \evensidemargin = 17.3562pt
(typearea)              \oddsidemargin  = 17.3562pt
(typearea)             \paperheight     = 845.04694pt
(typearea)              \textheight     = 595.80026pt
(typearea)              \topmargin      = -25.16531pt
(typearea)              \headheight     = 17.0pt
(typearea)              \headsep        = 20.40001pt
(typearea)              \topskip        = 11.0pt
(typearea)              \footskip       = 47.6pt
(typearea)              \baselineskip   = 13.6pt
(typearea)              on input line 1740.
)
\c@part=\count178
\c@section=\count179
\c@subsection=\count180
\c@subsubsection=\count181
\c@paragraph=\count182
\c@subparagraph=\count183
\scr@dte@section@maxnumwidth=\skip53
Class scrartcl Info: using compatibility default `runin=bysign'
(scrartcl)           for `\section on input line 4795.
Class scrartcl Info: using compatibility default `afterindent=bysign'
(scrartcl)           for `\section on input line 4795.
\scr@dte@part@maxnumwidth=\skip54
Class scrartcl Info: using compatibility default `afterindent=false'
(scrartcl)           for `\part on input line 4803.
\scr@dte@subsection@maxnumwidth=\skip55
Class scrartcl Info: using compatibility default `runin=bysign'
(scrartcl)           for `\subsection on input line 4813.
Class scrartcl Info: using compatibility default `afterindent=bysign'
(scrartcl)           for `\subsection on input line 4813.
\scr@dte@subsubsection@maxnumwidth=\skip56
Class scrartcl Info: using compatibility default `runin=bysign'
(scrartcl)           for `\subsubsection on input line 4823.
Class scrartcl Info: using compatibility default `afterindent=bysign'
(scrartcl)           for `\subsubsection on input line 4823.
\scr@dte@paragraph@maxnumwidth=\skip57
Class scrartcl Info: using compatibility default `runin=bysign'
(scrartcl)           for `\paragraph on input line 4834.
Class scrartcl Info: using compatibility default `afterindent=bysign'
(scrartcl)           for `\paragraph on input line 4834.
\scr@dte@subparagraph@maxnumwidth=\skip58
Class scrartcl Info: using compatibility default `runin=bysign'
(scrartcl)           for `\subparagraph on input line 4844.
Class scrartcl Info: using compatibility default `afterindent=bysign'
(scrartcl)           for `\subparagraph on input line 4844.
\abovecaptionskip=\skip59
\belowcaptionskip=\skip60
\c@pti@nb@sid@b@x=\box48
Package tocbasic Info: babel extension for `lof' omitted
(tocbasic)             because of missing \bbl@set@language on input line 6076.
\scr@dte@figure@maxnumwidth=\skip61
\c@figure=\count184
Package tocbasic Info: babel extension for `lot' omitted
(tocbasic)             because of missing \bbl@set@language on input line 6088.
\scr@dte@table@maxnumwidth=\skip62
\c@table=\count185
Class scrartcl Info: Redefining `\numberline' on input line 6252.
\bibindent=\dimen138
)) (C:\Users\locque\AppData\Local\Programs\MiKTeX\tex/generic/german\ngerman.sty v2.5e 1998-07-08
Package: ngerman 1998/07/08 v2.5e Support for writing german texts (br)
\grmnU@D=\dimen139
ngerman -- \language number for naustrian undefined, default 48 used.
) (C:\Users\locque\AppData\Local\Programs\MiKTeX\tex/latex/base\inputenc.sty
Package: inputenc 2020/08/01 v1.3d Input encoding file
\inpenc@prehook=\toks16
\inpenc@posthook=\toks17
) (C:\Users\locque\AppData\Local\Programs\MiKTeX\tex/latex/graphics\graphicx.sty
Package: graphicx 2020/09/09 v1.2b Enhanced LaTeX Graphics (DPC,SPQR)
 (C:\Users\locque\AppData\Local\Programs\MiKTeX\tex/latex/graphics\graphics.sty
Package: graphics 2020/08/30 v1.4c Standard LaTeX Graphics (DPC,SPQR)
 (C:\Users\locque\AppData\Local\Programs\MiKTeX\tex/latex/graphics\trig.sty
Package: trig 2016/01/03 v1.10 sin cos tan (DPC)
) (C:\Users\locque\AppData\Local\Programs\MiKTeX\tex/latex/graphics-cfg\graphics.cfg
File: graphics.cfg 2016/06/04 v1.11 sample graphics configuration
)
Package graphics Info: Driver file: pdftex.def on input line 105.
 (C:\Users\locque\AppData\Local\Programs\MiKTeX\tex/latex/graphics-def\pdftex.def
File: pdftex.def 2020/10/05 v1.2a Graphics/color driver for pdftex
))
\Gin@req@height=\dimen140
\Gin@req@width=\dimen141
) (C:\Users\locque\AppData\Local\Programs\MiKTeX\tex/latex/hyperref\hyperref.sty
Package: hyperref 2020-05-15 v7.00e Hypertext links for LaTeX
 (C:\Users\locque\AppData\Local\Programs\MiKTeX\tex/generic/ltxcmds\ltxcmds.sty
Package: ltxcmds 2020-05-10 v1.25 LaTeX kernel commands for general use (HO)
) (C:\Users\locque\AppData\Local\Programs\MiKTeX\tex/generic/iftex\iftex.sty
Package: iftex 2020/03/06 v1.0d TeX engine tests
) (C:\Users\locque\AppData\Local\Programs\MiKTeX\tex/generic/pdftexcmds\pdftexcmds.sty
Package: pdftexcmds 2020-06-27 v0.33 Utility functions of pdfTeX for LuaTeX (HO)
 (C:\Users\locque\AppData\Local\Programs\MiKTeX\tex/generic/infwarerr\infwarerr.sty
Package: infwarerr 2019/12/03 v1.5 Providing info/warning/error messages (HO)
)
Package pdftexcmds Info: \pdf@primitive is available.
Package pdftexcmds Info: \pdf@ifprimitive is available.
Package pdftexcmds Info: \pdfdraftmode found.
) (C:\Users\locque\AppData\Local\Programs\MiKTeX\tex/generic/kvsetkeys\kvsetkeys.sty
Package: kvsetkeys 2019/12/15 v1.18 Key value parser (HO)
) (C:\Users\locque\AppData\Local\Programs\MiKTeX\tex/generic/kvdefinekeys\kvdefinekeys.sty
Package: kvdefinekeys 2019-12-19 v1.6 Define keys (HO)
) (C:\Users\locque\AppData\Local\Programs\MiKTeX\tex/generic/pdfescape\pdfescape.sty
Package: pdfescape 2019/12/09 v1.15 Implements pdfTeX's escape features (HO)
) (C:\Users\locque\AppData\Local\Programs\MiKTeX\tex/latex/hycolor\hycolor.sty
Package: hycolor 2020-01-27 v1.10 Color options for hyperref/bookmark (HO)
) (C:\Users\locque\AppData\Local\Programs\MiKTeX\tex/latex/letltxmacro\letltxmacro.sty
Package: letltxmacro 2019/12/03 v1.6 Let assignment for LaTeX macros (HO)
) (C:\Users\locque\AppData\Local\Programs\MiKTeX\tex/latex/auxhook\auxhook.sty
Package: auxhook 2019-12-17 v1.6 Hooks for auxiliary files (HO)
) (C:\Users\locque\AppData\Local\Programs\MiKTeX\tex/latex/kvoptions\kvoptions.sty
Package: kvoptions 2020-10-07 v3.14 Key value format for package options (HO)
)
\@linkdim=\dimen142
\Hy@linkcounter=\count186
\Hy@pagecounter=\count187
 (C:\Users\locque\AppData\Local\Programs\MiKTeX\tex/latex/hyperref\pd1enc.def
File: pd1enc.def 2020-05-15 v7.00e Hyperref: PDFDocEncoding definition (HO)
Now handling font encoding PD1 ...
... no UTF-8 mapping file for font encoding PD1
) (C:\Users\locque\AppData\Local\Programs\MiKTeX\tex/generic/intcalc\intcalc.sty
Package: intcalc 2019/12/15 v1.3 Expandable calculations with integers (HO)
) (C:\Users\locque\AppData\Local\Programs\MiKTeX\tex/generic/etexcmds\etexcmds.sty
Package: etexcmds 2019/12/15 v1.7 Avoid name clashes with e-TeX commands (HO)
)
\Hy@SavedSpaceFactor=\count188
Package hyperref Info: Hyper figures OFF on input line 4464.
Package hyperref Info: Link nesting OFF on input line 4469.
Package hyperref Info: Hyper index ON on input line 4472.
Package hyperref Info: Plain pages OFF on input line 4479.
Package hyperref Info: Backreferencing OFF on input line 4484.
Package hyperref Info: Implicit mode ON; LaTeX internals redefined.
Package hyperref Info: Bookmarks ON on input line 4717.
\c@Hy@tempcnt=\count189
 (C:\Users\locque\AppData\Local\Programs\MiKTeX\tex/latex/url\url.sty
\Urlmuskip=\muskip16
Package: url 2013/09/16  ver 3.4  Verb mode for urls, etc.
)
LaTeX Info: Redefining \url on input line 5076.
\XeTeXLinkMargin=\dimen143
 (C:\Users\locque\AppData\Local\Programs\MiKTeX\tex/generic/bitset\bitset.sty
Package: bitset 2019/12/09 v1.3 Handle bit-vector datatype (HO)
 (C:\Users\locque\AppData\Local\Programs\MiKTeX\tex/generic/bigintcalc\bigintcalc.sty
Package: bigintcalc 2019/12/15 v1.5 Expandable calculations on big integers (HO)
))
\Fld@menulength=\count190
\Field@Width=\dimen144
\Fld@charsize=\dimen145
Package hyperref Info: Hyper figures OFF on input line 6347.
Package hyperref Info: Link nesting OFF on input line 6352.
Package hyperref Info: Hyper index ON on input line 6355.
Package hyperref Info: backreferencing OFF on input line 6362.
Package hyperref Info: Link coloring OFF on input line 6367.
Package hyperref Info: Link coloring with OCG OFF on input line 6372.
Package hyperref Info: PDF/A mode OFF on input line 6377.
LaTeX Info: Redefining \ref on input line 6417.
LaTeX Info: Redefining \pageref on input line 6421.
 (C:\Users\locque\AppData\Local\Programs\MiKTeX\tex/latex/base\atbegshi-ltx.sty
Package: atbegshi-ltx 2020/08/17 v1.0a Emulation of the original atbegshi package
with kernel methods
)
\Hy@abspage=\count191
\c@Item=\count192
\c@Hfootnote=\count193
)
Package hyperref Info: Driver (autodetected): hpdftex.
 (C:\Users\locque\AppData\Local\Programs\MiKTeX\tex/latex/hyperref\hpdftex.def
File: hpdftex.def 2020-05-15 v7.00e Hyperref driver for pdfTeX
 (C:\Users\locque\AppData\Local\Programs\MiKTeX\tex/latex/base\atveryend-ltx.sty
Package: atveryend-ltx 2020/08/19 v1.0a Emulation of the original atvery package
with kernel methods
)
\Fld@listcount=\count194
\c@bookmark@seq@number=\count195
 (C:\Users\locque\AppData\Local\Programs\MiKTeX\tex/latex/rerunfilecheck\rerunfilecheck.sty
Package: rerunfilecheck 2019/12/05 v1.9 Rerun checks for auxiliary files (HO)
 (C:\Users\locque\AppData\Local\Programs\MiKTeX\tex/generic/uniquecounter\uniquecounter.sty
Package: uniquecounter 2019/12/15 v1.4 Provide unlimited unique counter (HO)
)
Package uniquecounter Info: New unique counter `rerunfilecheck' on input line 286.
)
\Hy@SectionHShift=\skip63
) (C:\Users\locque\AppData\Local\Programs\MiKTeX\tex/latex/adjustbox\adjustbox.sty
Package: adjustbox 2020/08/19 v1.3 Adjusting TeX boxes (trim, clip, ...)
 (C:\Users\locque\AppData\Local\Programs\MiKTeX\tex/latex/xkeyval\xkeyval.sty
Package: xkeyval 2020/11/20 v2.8 package option processing (HA)
 (C:\Users\locque\AppData\Local\Programs\MiKTeX\tex/generic/xkeyval\xkeyval.tex (C:\Users\locque\AppData\Local\Programs\MiKTeX\tex/generic/xkeyval\xkvutils.tex
\XKV@toks=\toks18
\XKV@tempa@toks=\toks19
)
\XKV@depth=\count196
File: xkeyval.tex 2014/12/03 v2.7a key=value parser (HA)
)) (C:\Users\locque\AppData\Local\Programs\MiKTeX\tex/latex/adjustbox\adjcalc.sty
Package: adjcalc 2012/05/16 v1.1 Provides advanced setlength with multiple back-ends (calc, etex, pgfmath)
) (C:\Users\locque\AppData\Local\Programs\MiKTeX\tex/latex/adjustbox\trimclip.sty
Package: trimclip 2020/08/19 v1.2 Trim and clip general TeX material
 (C:\Users\locque\AppData\Local\Programs\MiKTeX\tex/latex/collectbox\collectbox.sty
Package: collectbox 2012/05/17 v0.4b Collect macro arguments as boxes
\collectedbox=\box49
)
\tc@llx=\dimen146
\tc@lly=\dimen147
\tc@urx=\dimen148
\tc@ury=\dimen149
Package trimclip Info: Using driver 'tc-pdftex.def'.
 (C:\Users\locque\AppData\Local\Programs\MiKTeX\tex/latex/adjustbox\tc-pdftex.def
File: tc-pdftex.def 2019/01/04 v2.2 Clipping driver for pdftex
))
\adjbox@Width=\dimen150
\adjbox@Height=\dimen151
\adjbox@Depth=\dimen152
\adjbox@Totalheight=\dimen153
\adjbox@pwidth=\dimen154
\adjbox@pheight=\dimen155
\adjbox@pdepth=\dimen156
\adjbox@ptotalheight=\dimen157
 (C:\Users\locque\AppData\Local\Programs\MiKTeX\tex/latex/ifoddpage\ifoddpage.sty
Package: ifoddpage 2016/04/23 v1.1 Conditionals for odd/even page detection
\c@checkoddpage=\count197
) (C:\Users\locque\AppData\Local\Programs\MiKTeX\tex/latex/varwidth\varwidth.sty
Package: varwidth 2009/03/30 ver 0.92;  Variable-width minipages
\@vwid@box=\box50
\sift@deathcycles=\count198
\@vwid@loff=\dimen158
\@vwid@roff=\dimen159
)) (C:\Users\locque\AppData\Local\Programs\MiKTeX\tex/latex/wrapfig\wrapfig.sty
\wrapoverhang=\dimen160
\WF@size=\dimen161
\c@WF@wrappedlines=\count199
\WF@box=\box51
\WF@everypar=\toks20
Package: wrapfig 2003/01/31  v 3.6
) (C:\Users\locque\AppData\Local\Programs\MiKTeX\tex/latex/float\float.sty
Package: float 2001/11/08 v1.3d Float enhancements (AL)
\c@float@type=\count266
\float@exts=\toks21
\float@box=\box52
\@float@everytoks=\toks22
\@floatcapt=\box53
) (C:\Users\locque\AppData\Local\Programs\MiKTeX\tex/latex/l3backend\l3backend-pdftex.def
File: l3backend-pdftex.def 2020-09-24 L3 backend support: PDF output (pdfTeX)
\l__kernel_color_stack_int=\count267
\l__pdf_internal_box=\box54
) (c:/Users\locque\Documents\hvra-c\herzog-vr-august\doc\aufgabenbeschreibung-erik.aux)
\openout1 = `aufgabenbeschreibung-erik.aux'.

LaTeX Font Info:    Checking defaults for OML/cmm/m/it on input line 30.
LaTeX Font Info:    ... okay on input line 30.
LaTeX Font Info:    Checking defaults for OMS/cmsy/m/n on input line 30.
LaTeX Font Info:    ... okay on input line 30.
LaTeX Font Info:    Checking defaults for OT1/cmr/m/n on input line 30.
LaTeX Font Info:    ... okay on input line 30.
LaTeX Font Info:    Checking defaults for T1/cmr/m/n on input line 30.
LaTeX Font Info:    ... okay on input line 30.
LaTeX Font Info:    Checking defaults for TS1/cmr/m/n on input line 30.
LaTeX Font Info:    ... okay on input line 30.
LaTeX Font Info:    Checking defaults for OMX/cmex/m/n on input line 30.
LaTeX Font Info:    ... okay on input line 30.
LaTeX Font Info:    Checking defaults for U/cmr/m/n on input line 30.
LaTeX Font Info:    ... okay on input line 30.
LaTeX Font Info:    Checking defaults for PD1/pdf/m/n on input line 30.
LaTeX Font Info:    ... okay on input line 30.
 (C:\Users\locque\AppData\Local\Programs\MiKTeX\tex/context/base/mkii\supp-pdf.mkii
[Loading MPS to PDF converter (version 2006.09.02).]
\scratchcounter=\count268
\scratchdimen=\dimen162
\scratchbox=\box55
\nofMPsegments=\count269
\nofMParguments=\count270
\everyMPshowfont=\toks23
\MPscratchCnt=\count271
\MPscratchDim=\dimen163
\MPnumerator=\count272
\makeMPintoPDFobject=\count273
\everyMPtoPDFconversion=\toks24
) (C:\Users\locque\AppData\Local\Programs\MiKTeX\tex/latex/epstopdf-pkg\epstopdf-base.sty
Package: epstopdf-base 2020-01-24 v2.11 Base part for package epstopdf
Package epstopdf-base Info: Redefining graphics rule for `.eps' on input line 485.
)
Package hyperref Info: Link coloring OFF on input line 30.
 (C:\Users\locque\AppData\Local\Programs\MiKTeX\tex/latex/hyperref\nameref.sty
Package: nameref 2019/09/16 v2.46 Cross-referencing by name of section
 (C:\Users\locque\AppData\Local\Programs\MiKTeX\tex/latex/refcount\refcount.sty
Package: refcount 2019/12/15 v3.6 Data extraction from label references (HO)
) (C:\Users\locque\AppData\Local\Programs\MiKTeX\tex/generic/gettitlestring\gettitlestring.sty
Package: gettitlestring 2019/12/15 v1.6 Cleanup title references (HO)
)
\c@section@level=\count274
)
LaTeX Info: Redefining \ref on input line 30.
LaTeX Info: Redefining \pageref on input line 30.
LaTeX Info: Redefining \nameref on input line 30.
 (c:/Users\locque\Documents\hvra-c\herzog-vr-august\doc\aufgabenbeschreibung-erik.out) (c:/Users\locque\Documents\hvra-c\herzog-vr-august\doc\aufgabenbeschreibung-erik.out)
\@outlinefile=\write3
\openout3 = `aufgabenbeschreibung-erik.out'.

Class scrartcl Info: loading recommended package `bookmark'.
(scrartcl)           Using `bookmark' together with `hyperref' is recommended,
(scrartcl)           because of handling of possible bookmark level gaps.
(scrartcl)           You can avoid loading `bookmark' with KOMA-Script option
(scrartcl)           `bookmarkpackage=false' before \begin{document} and
(scrartcl)           you can avoid this message adding:
(scrartcl)             \usepackage{bookmark}
(scrartcl)           before \begin{document} on input line 30.
 (C:\Users\locque\AppData\Local\Programs\MiKTeX\tex/latex/bookmark\bookmark.sty
Package: bookmark 2020-11-06 v1.29 PDF bookmarks (HO)
 (C:\Users\locque\AppData\Local\Programs\MiKTeX\tex/latex/bookmark\bkm-pdftex.def
File: bkm-pdftex.def 2020-11-06 v1.29 bookmark driver for pdfTeX (HO)
\BKM@id=\count275
))
LaTeX Font Info:    External font `cmex10' loaded for size
(Font)              <14.4> on input line 32.
LaTeX Font Info:    External font `cmex10' loaded for size
(Font)              <7> on input line 32.
 [1


{C:/Users/locque/AppData/Local/MiKTeX/pdftex/config/pdftex.map}] (c:/Users\locque\Documents\hvra-c\herzog-vr-august\doc\aufgabenbeschreibung-erik.toc
LaTeX Font Info:    External font `cmex10' loaded for size
(Font)              <10.95> on input line 3.
LaTeX Font Info:    External font `cmex10' loaded for size
(Font)              <8> on input line 3.
LaTeX Font Info:    External font `cmex10' loaded for size
(Font)              <6> on input line 3.
)
\tf@toc=\write4
\openout4 = `aufgabenbeschreibung-erik.toc'.

 [2]
<images/unreal-engine.png, id=87, 1264.725pt x 760.34062pt>
File: images/unreal-engine.png Graphic file (type png)
<use images/unreal-engine.png>
Package pdftex.def Info: images/unreal-engine.png  used on input line 44.
(pdftex.def)             Requested size: 418.25555pt x 251.44685pt.
<images/source-2.jpg, id=92, 1304.875pt x 832.10875pt>
File: images/source-2.jpg Graphic file (type jpg)
<use images/source-2.jpg>
Package pdftex.def Info: images/source-2.jpg  used on input line 48.
(pdftex.def)             Requested size: 418.25555pt x 266.71193pt.
 [3 <c:/Users/locque/Documents/hvra-c/herzog-vr-august/doc/images/unreal-engine.png>]
<images/unity.png, id=101, 1445.4pt x 790.45313pt>
File: images/unity.png Graphic file (type png)
<use images/unity.png>
Package pdftex.def Info: images/unity.png  used on input line 52.
(pdftex.def)             Requested size: 418.25555pt x 228.73102pt.
 [4 <c:/Users/locque/Documents/hvra-c/herzog-vr-august/doc/images/source-2.jpg>] [5 <c:/Users/locque/Documents/hvra-c/herzog-vr-august/doc/images/unity.png>]
<images/xr-toolkit.png, id=115, 1445.4pt x 790.45313pt>
File: images/xr-toolkit.png Graphic file (type png)
<use images/xr-toolkit.png>
Package pdftex.def Info: images/xr-toolkit.png  used on input line 63.
(pdftex.def)             Requested size: 418.25555pt x 228.73102pt.
<images/steamvr.png, id=118, 1445.4pt x 790.45313pt>
File: images/steamvr.png Graphic file (type png)
<use images/steamvr.png>
Package pdftex.def Info: images/steamvr.png  used on input line 70.
(pdftex.def)             Requested size: 418.25555pt x 228.73102pt.
 [6 <c:/Users/locque/Documents/hvra-c/herzog-vr-august/doc/images/xr-toolkit.png>]
<images/lightweight-book.png, id=127, 1445.4pt x 790.45313pt>
File: images/lightweight-book.png Graphic file (type png)
<use images/lightweight-book.png>
Package pdftex.def Info: images/lightweight-book.png  used on input line 75.
(pdftex.def)             Requested size: 418.25555pt x 228.73102pt.
 [7 <c:/Users/locque/Documents/hvra-c/herzog-vr-august/doc/images/steamvr.png>]
<images/book-support.png, id=136, 904.88063pt x 691.08188pt>
File: images/book-support.png Graphic file (type png)
<use images/book-support.png>
Package pdftex.def Info: images/book-support.png  used on input line 80.
(pdftex.def)             Requested size: 418.25555pt x 319.43054pt.
 [8 <c:/Users/locque/Documents/hvra-c/herzog-vr-august/doc/images/lightweight-book.png>]
<images/book-colliders.png, id=142, 1445.4pt x 790.45313pt>
File: images/book-colliders.png Graphic file (type png)
<use images/book-colliders.png>
Package pdftex.def Info: images/book-colliders.png  used on input line 86.
(pdftex.def)             Requested size: 418.25555pt x 228.73102pt.
 [9 <c:/Users/locque/Documents/hvra-c/herzog-vr-august/doc/images/book-support.png>] [10 <c:/Users/locque/Documents/hvra-c/herzog-vr-august/doc/images/book-colliders.png>]
<images/skeleton-poser.png, id=157, 350.05782pt x 675.27281pt>
File: images/skeleton-poser.png Graphic file (type png)
<use images/skeleton-poser.png>
Package pdftex.def Info: images/skeleton-poser.png  used on input line 97.
(pdftex.def)             Requested size: 167.29967pt x 322.72595pt.
 [11 <c:/Users/locque/Documents/hvra-c/herzog-vr-august/doc/images/skeleton-poser.png>]
<images/hand.png, id=165, 353.06906pt x 477.28313pt>
File: images/hand.png Graphic file (type png)
<use images/hand.png>
Package pdftex.def Info: images/hand.png  used on input line 109.
(pdftex.def)             Requested size: 167.29967pt x 226.15834pt.
 [12 <c:/Users/locque/Documents/hvra-c/herzog-vr-august/doc/images/hand.png>]
<images/book-handle.png, id=175, 481.8pt x 772.8875pt>
File: images/book-handle.png Graphic file (type png)
<use images/book-handle.png>
Package pdftex.def Info: images/book-handle.png  used on input line 122.
(pdftex.def)             Requested size: 167.29967pt x 268.36829pt.
<images/hierarchy.png, id=176, 255.95625pt x 515.67656pt>
File: images/hierarchy.png Graphic file (type png)
<use images/hierarchy.png>
Package pdftex.def Info: images/hierarchy.png  used on input line 123.
(pdftex.def)             Requested size: 167.29967pt x 337.0585pt.

Underfull \hbox (badness 1184) in paragraph at lines 127--128
\OT1/cmr/m/n/10.95 schrie-ben ha-be, um []Col-li-der[] von Griff-punk-ten
 []


Underfull \hbox (badness 2469) in paragraph at lines 127--128
\OT1/cmr/m/n/10.95 in der Hier-ar-chie von Buch-Komponenten zu
 []

[13 <c:/Users/locque/Documents/hvra-c/herzog-vr-august/doc/images/book-handle.png> <c:/Users/locque/Documents/hvra-c/herzog-vr-august/doc/images/hierarchy.png>]
<images/linear-drive.png, id=187, 352.31625pt x 712.16063pt>
File: images/linear-drive.png Graphic file (type png)
<use images/linear-drive.png>
Package pdftex.def Info: images/linear-drive.png  used on input line 136.
(pdftex.def)             Requested size: 167.29967pt x 338.17114pt.

Underfull \hbox (badness 4595) in paragraph at lines 140--141
[]\OT1/cmr/m/n/10.95 Ein []Li-ne-ar Drive[] ist ei-ne Kom-po-nen-te des
 []

[14 <c:/Users/locque/Documents/hvra-c/herzog-vr-august/doc/images/linear-drive.png>]

Package hyperref Warning: Token not allowed in a PDF string (PDFDocEncoding):
(hyperref)                removing `math shift' on input line 149.


Package hyperref Warning: Token not allowed in a PDF string (PDFDocEncoding):
(hyperref)                removing `math shift' on input line 149.

<images/pose-blender.png, id=200, 360.59718pt x 718.93594pt>
File: images/pose-blender.png Graphic file (type png)
<use images/pose-blender.png>
Package pdftex.def Info: images/pose-blender.png  used on input line 153.
(pdftex.def)             Requested size: 167.29967pt x 333.54483pt.
[15 <c:/Users/locque/Documents/hvra-c/herzog-vr-august/doc/images/pose-blender.png>]
<images/cover-drive.png, id=210, 329.73187pt x 563.10374pt>
File: images/cover-drive.png Graphic file (type png)
<use images/cover-drive.png>
Package pdftex.def Info: images/cover-drive.png  used on input line 167.
(pdftex.def)             Requested size: 209.12778pt x 357.14589pt.
<images/grab-types.png, id=214, 322.806pt x 231.264pt>
File: images/grab-types.png Graphic file (type png)
<use images/grab-types.png>
Package pdftex.def Info: images/grab-types.png  used on input line 176.
(pdftex.def)             Requested size: 418.25555pt x 299.66568pt.
 [16 <c:/Users/locque/Documents/hvra-c/herzog-vr-august/doc/images/cover-drive.png>] [17 <c:/Users/locque/Documents/hvra-c/herzog-vr-august/doc/images/grab-types.png>]
<images/book-wheel.png, id=232, 286.671pt x 250.536pt>
File: images/book-wheel.png Graphic file (type png)
<use images/book-wheel.png>
Package pdftex.def Info: images/book-wheel.png  used on input line 191.
(pdftex.def)             Requested size: 418.25555pt x 365.55013pt.
 [18] [19 <c:/Users/locque/Documents/hvra-c/herzog-vr-august/doc/images/book-wheel.png>]
<images/wood-textures.png, id=245, 370.986pt x 117.3183pt>
File: images/wood-textures.png Graphic file (type png)
<use images/wood-textures.png>
Package pdftex.def Info: images/wood-textures.png  used on input line 207.
(pdftex.def)             Requested size: 418.25555pt x 132.27097pt.
 [20 <c:/Users/locque/Documents/hvra-c/herzog-vr-august/doc/images/wood-textures.png>]
<images/book-index.png, id=262, 336.50719pt x 529.98pt>
File: images/book-index.png Graphic file (type png)
<use images/book-index.png>
Package pdftex.def Info: images/book-index.png  used on input line 225.
(pdftex.def)             Requested size: 209.12778pt x 329.3686pt.

Underfull \hbox (badness 1371) in paragraph at lines 229--230
[]\OT1/cmr/m/n/10.95 Da die An-zahl der Kom-po-nen-ten des
 []

[21 <c:/Users/locque/Documents/hvra-c/herzog-vr-august/doc/images/book-index.png>]
<images/movement-controller.png, id=268, 338.76563pt x 332.74312pt>
File: images/movement-controller.png Graphic file (type png)
<use images/movement-controller.png>
Package pdftex.def Info: images/movement-controller.png  used on input line 238.
(pdftex.def)             Requested size: 209.12778pt x 205.41515pt.

Underfull \hbox (badness 1383) in paragraph at lines 242--243
\OT1/cmr/m/n/10.95 ta-ti-on gibt es jetzt auch die Op-ti-on,
 []


Underfull \hbox (badness 1038) in paragraph at lines 242--243
\OT1/cmr/m/n/10.95 be-we-gen. W[]ahrend der rech-te Ana-log-
 []

<images/audio.png, id=269, 677.53125pt x 396.7322pt>
File: images/audio.png Graphic file (type png)
<use images/audio.png>
Package pdftex.def Info: images/audio.png  used on input line 251.
(pdftex.def)             Requested size: 418.25555pt x 244.91808pt.
[22 <c:/Users/locque/Documents/hvra-c/herzog-vr-august/doc/images/movement-controller.png>]
<images/book-prefabs.png, id=276, 633.86812pt x 300.3722pt>
File: images/book-prefabs.png Graphic file (type png)
<use images/book-prefabs.png>
Package pdftex.def Info: images/book-prefabs.png  used on input line 260.
(pdftex.def)             Requested size: 418.25555pt x 198.205pt.
 [23 <c:/Users/locque/Documents/hvra-c/herzog-vr-august/doc/images/audio.png>]
<images/gospels.png, id=284, 769.37437pt x 576.65437pt>
File: images/gospels.png Graphic file (type png)
<use images/gospels.png>
Package pdftex.def Info: images/gospels.png  used on input line 269.
(pdftex.def)             Requested size: 418.25555pt x 313.49168pt.
 [24 <c:/Users/locque/Documents/hvra-c/herzog-vr-august/doc/images/book-prefabs.png>]
<images/ceiling.png, id=290, 396.45258pt x 148.8762pt>
File: images/ceiling.png Graphic file (type png)
<use images/ceiling.png>
Package pdftex.def Info: images/ceiling.png  used on input line 274.
(pdftex.def)             Requested size: 418.25555pt x 157.06746pt.
 [25 <c:/Users/locque/Documents/hvra-c/herzog-vr-august/doc/images/gospels.png>]
<images/everything.png, id=299, 668.4975pt x 733.7814pt>
File: images/everything.png Graphic file (type png)
<use images/everything.png>
Package pdftex.def Info: images/everything.png  used on input line 285.
(pdftex.def)             Requested size: 418.25555pt x 459.11609pt.
 [26 <c:/Users/locque/Documents/hvra-c/herzog-vr-august/doc/images/ceiling.png>] [27 <c:/Users/locque/Documents/hvra-c/herzog-vr-august/doc/images/everything.png>]
<images/development.png, id=310, 1028.34187pt x 578.16pt>
File: images/development.png Graphic file (type png)
<use images/development.png>
Package pdftex.def Info: images/development.png  used on input line 293.
(pdftex.def)             Requested size: 418.25555pt x 235.15923pt.
 [28 <c:/Users/locque/Documents/hvra-c/herzog-vr-august/doc/images/development.png>]
<images/discord.png, id=317, 327.3831pt x 177.7842pt>
File: images/discord.png Graphic file (type png)
<use images/discord.png>
Package pdftex.def Info: images/discord.png  used on input line 306.
(pdftex.def)             Requested size: 418.25555pt x 227.13705pt.
 [29 <c:/Users/locque/Documents/hvra-c/herzog-vr-august/doc/images/discord.png>]
<images/board.png, id=323, 294.8616pt x 207.4149pt>
File: images/board.png Graphic file (type png)
<use images/board.png>
Package pdftex.def Info: images/board.png  used on input line 322.
(pdftex.def)             Requested size: 418.25555pt x 294.23053pt.
 [30 <c:/Users/locque/Documents/hvra-c/herzog-vr-august/doc/images/board.png>]
<images/milestones.png, id=329, 305.2203pt x 163.0893pt>
File: images/milestones.png Graphic file (type png)
<use images/milestones.png>
Package pdftex.def Info: images/milestones.png  used on input line 326.
(pdftex.def)             Requested size: 418.25555pt x 223.4882pt.
<images/wiki.png, id=330, 262.3401pt x 207.6558pt>
File: images/wiki.png Graphic file (type png)
<use images/wiki.png>
Package pdftex.def Info: images/wiki.png  used on input line 329.
(pdftex.def)             Requested size: 418.25555pt x 331.1027pt.
<images/future.png, id=331, 645.91313pt x 352.31625pt>
File: images/future.png Graphic file (type png)
<use images/future.png>
Package pdftex.def Info: images/future.png  used on input line 333.
(pdftex.def)             Requested size: 418.25555pt x 228.13731pt.
 [31 <c:/Users/locque/Documents/hvra-c/herzog-vr-august/doc/images/milestones.png> <c:/Users/locque/Documents/hvra-c/herzog-vr-august/doc/images/wiki.png>] [32 <c:/Users/locque/Documents/hvra-c/herzog-vr-august/doc/images/future.png>] [33]

LaTeX3 Info: Redefining command \BeforeClosingMainAux with sig. 'm' on line
(LaTeX3)     356.


LaTeX3 Info: Redefining command \BeforeClosingMainAux with sig. 'm' on line
(LaTeX3)     356.


LaTeX3 Info: Redefining command \BeforeClosingMainAux with sig. 'm' on line
(LaTeX3)     356.

 (c:/Users\locque\Documents\hvra-c\herzog-vr-august\doc\aufgabenbeschreibung-erik.aux)
Package rerunfilecheck Info: File `aufgabenbeschreibung-erik.out' has not changed.
(rerunfilecheck)             Checksum: D41D8CD98F00B204E9800998ECF8427E;0.
 ) 
Here is how much of TeX's memory you used:
 9780 strings out of 479697
 181201 string characters out of 2866657
 617245 words of memory out of 3000000
 26620 multiletter control sequences out of 15000+200000
 408904 words of font info for 45 fonts, out of 3000000 for 9000
 1141 hyphenation exceptions out of 8191
 119i,7n,124p,10704b,390s stack positions out of 5000i,500n,10000p,200000b,50000s
 <C:\Users\locque\AppData\Local\MiKTeX\fonts/pk/ljfour/jknappen/ec/dpi600\tcrm1095.pk><C:/Users/locque/AppData/Local/Programs/MiKTeX/fonts/type1/public/amsfonts/cm/cmr10.pfb><C:/Users/locque/AppData/Local/Programs/MiKTeX/fonts/type1/public/amsfonts/cm/cmr12.pfb><C:/Users/locque/AppData/Local/Programs/MiKTeX/fonts/type1/public/amsfonts/cm/cmssbx10.pfb>
Output written on c:/Users\locque\Documents\hvra-c\herzog-vr-august\doc\aufgabenbeschreibung-erik.pdf (33 pages, 31052017 bytes).
PDF statistics:
 486 PDF objects out of 1000 (max. 8388607)
 70 named destinations out of 1000 (max. 500000)
 436 words of extra memory for PDF output out of 10000 (max. 10000000)

